<?xml version="1.0" encoding="UTF-8"?>
<!-- Generated by org.testng.reporters.JUnitReportReporter -->
<testsuite hostname="LAPTOP-88OL1HSR" failures="0" tests="1" name="loop.Test.VerifyTransactions" time="59.930" errors="0" timestamp="2024-03-04T18:24:56 IST" skipped="0">
  <testcase classname="loop.Test.VerifyTransactions" name="verifyTransactions" time="59.930"/>
</testsuite> <!-- loop.Test.VerifyTransactions -->
