<?xml version="1.0" encoding="UTF-8"?>
<!-- Generated by org.testng.reporters.JUnitReportReporter -->
<testsuite hostname="LAPTOP-88OL1HSR" failures="0" tests="1" name="loop.Test.VerifyGrandTotal" time="157.530" errors="0" timestamp="2024-03-04T18:30:20 IST" skipped="0">
  <testcase classname="loop.Test.VerifyGrandTotal" name="verifyGrandTotal" time="157.530"/>
</testsuite> <!-- loop.Test.VerifyGrandTotal -->
